<html>
<body>
<pre>
<h1>µVision Build Log</h1>
<h2>Tool Versions:</h2>
IDE-Version: ¦ÌVision V5.25.0.0
Copyright (C) 2017 ARM Ltd and ARM Germany GmbH. All rights reserved.
License Information: 1 dell, 1, LIC=32B1Q-NNHZE-GKABG-VGUVA-CYLSY-I9VVS
 
Tool Versions:
Toolchain:       MDK-ARM Plus  Version: 5.25.0.0
Toolchain Path:  F:\Keil\ARM\ARMCC\Bin
C Compiler:      Armcc.exe V5.06 update 6 (build 750)
Assembler:       Armasm.exe V5.06 update 6 (build 750)
Linker/Locator:  ArmLink.exe V5.06 update 6 (build 750)
Library Manager: ArmAr.exe V5.06 update 6 (build 750)
Hex Converter:   FromElf.exe V5.06 update 6 (build 750)
CPU DLL:         SARMCM3.DLL V5.25.0.0
Dialog DLL:      DCM.DLL V1.17.0.0
Target DLL:      STLink\ST-LINKIII-KEIL_SWO.dll V3.0.1.0
Dialog DLL:      TCM.DLL V1.34.0.0
 
<h2>Project:</h2>
F:\GitHub_for_Myself\Project\STM32\MDK-ARM\Car.uvprojx
Project File Date:  09/25/2025

<h2>Output:</h2>
*** Using Compiler 'V5.06 update 6 (build 750)', folder: 'F:\Keil\ARM\ARMCC\Bin'
Build target 'Car'
compiling espcam.c...
..\API\sensor.h(11): warning:  #1-D: last line of file ends without a newline
  #endif
..\API\sensor.h(11): warning:  #1-D: last line of file ends without a newline
  #endif
..\API\espcam.c(12): error:  #20: identifier "CommandType" is undefined
      CommandType cmd;       // å‘½ä»¤ç±»åž‹
..\API\espcam.c(29): error:  #20: identifier "CMD_STOP" is undefined
  static Command current_cmd = {CMD_STOP, 0, 0};
..\API\espcam.c(37): error:  #254: type name is not allowed
      Car_Forward(uint16_t speed); // ç”µæœºå‰è¿›
..\API\espcam.c(37): error:  #18: expected a ")"
      Car_Forward(uint16_t speed); // ç”µæœºå‰è¿›
..\API\espcam.c(42): error:  #254: type name is not allowed
      Car_Backward(uint16_t speed);// ç”µæœºåŽé€€
..\API\espcam.c(42): error:  #18: expected a ")"
      Car_Backward(uint16_t speed);// ç”µæœºåŽé€€
..\API\espcam.c(47): error:  #254: type name is not allowed
      Car_TurnLeft(uint16_t speed); // ç”µæœºå·¦è½¬
..\API\espcam.c(47): error:  #18: expected a ")"
      Car_TurnLeft(uint16_t speed); // ç”µæœºå·¦è½¬
..\API\espcam.c(52): error:  #254: type name is not allowed
      Car_TurnRight(uint16_t speed); // ç”µæœºå³è½¬
..\API\espcam.c(52): error:  #18: expected a ")"
      Car_TurnRight(uint16_t speed); // ç”µæœºå³è½¬
..\API\espcam.c(62): error:  #20: identifier "CommandType" is undefined
  static void transition_state(CommandType cmd) {
..\API\espcam.c(68): error:  #20: identifier "CMD_MOVE_FORWARD" is undefined
                  case CMD_MOVE_FORWARD: current_state = STATE_MOVING_FORWARD; break;
..\API\espcam.c(69): error:  #20: identifier "CMD_MOVE_BACKWARD" is undefined
                  case CMD_MOVE_BACKWARD: current_state = STATE_MOVING_BACKWARD; break;
..\API\espcam.c(70): error:  #20: identifier "CMD_TURN_LEFT" is undefined
                  case CMD_TURN_LEFT: current_state = STATE_TURNING_LEFT; break;
..\API\espcam.c(71): error:  #20: identifier "CMD_TURN_RIGHT" is undefined
                  case CMD_TURN_RIGHT: current_state = STATE_TURNING_RIGHT; break;
..\API\espcam.c(73): error:  #20: identifier "CMD_SERVO1_ANGLE" is undefined
                  case CMD_SERVO1_ANGLE: current_state = STATE_SERVO1_ACTIVE; break;
..\API\espcam.c(73): error:  #20: identifier "STATE_SERVO1_ACTIVE" is undefined
                  case CMD_SERVO1_ANGLE: current_state = STATE_SERVO1_ACTIVE; break;
..\API\espcam.c(85): error:  #20: identifier "CMD_MOVE_FORWARD" is undefined
              } else if(cmd == CMD_MOVE_FORWARD) {
..\API\espcam.c(87): error:  #20: identifier "CMD_MOVE_BACKWARD" is undefined
              } else if(cmd == CMD_MOVE_BACKWARD) {
..\API\espcam.c(89): error:  #20: identifier "CMD_TURN_LEFT" is undefined
              } else if(cmd == CMD_TURN_LEFT) {
..\API\espcam.c(91): error:  #20: identifier "CMD_TURN_RIGHT" is undefined
              } else if(cmd == CMD_TURN_RIGHT) {
..\API\espcam.c(107): error:  #20: identifier "CMD_MOVE_FORWARD" is undefined
              current_cmd.cmd = CMD_MOVE_FORWARD;
..\API\espcam.c(111): error:  #20: identifier "CMD_MOVE_BACKWARD" is undefined
              current_cmd.cmd = CMD_MOVE_BACKWARD;
..\API\espcam.c(115): error:  #20: identifier "CMD_TURN_LEFT" is undefined
              current_cmd.cmd = CMD_TURN_LEFT;
..\API\espcam.c(119): error:  #20: identifier "CMD_TURN_RIGHT" is undefined
              current_cmd.cmd = CMD_TURN_RIGHT;
..\API\espcam.c(128): error:  #20: identifier "CMD_SERVO1_ANGLE" is undefined
                  current_cmd.cmd = CMD_SERVO1_ANGLE;
..\API\espcam.c(131): warning:  #186-D: pointless comparison of unsigned integer with zero
                  if(current_cmd.param >= 0 && current_cmd.param <= 180) {
..\API\espcam.c(161): warning:  #1-D: last line of file ends without a newline
  }
..\API\espcam.c(101): warning:  #177-D: function "parse_uart_command"  was declared but never referenced
  static void parse_uart_command(uint8_t *data, uint16_t len) {
..\API\espcam.c: 5 warnings, 26 errors
compiling stm32f1xx_it.c...
compiling dma.c...
compiling main.c...
..\API\sensor.h(11): warning:  #1-D: last line of file ends without a newline
  #endif
../Core/Src/main.c: 1 warning, 0 errors
compiling usart.c...
compiling servo.c...
compiling motor.c...
compiling stm32f1xx_hal_msp.c...
compiling gpio.c...
compiling tim.c...
compiling sensor.c...
..\API\sensor.h(11): warning:  #1-D: last line of file ends without a newline
  #endif
..\API\sensor.c: 1 warning, 0 errors
"Car\Car.axf" - 26 Error(s), 7 Warning(s).

<h2>Software Packages used:</h2>

Package Vendor: ARM
                http://www.keil.com/pack/ARM.CMSIS.5.2.0.pack
                ARM.CMSIS.5.2.0
                CMSIS (Cortex Microcontroller Software Interface Standard)
   * Component: CORE Version: 5.0.2

Package Vendor: Keil
                https://www.keil.com/pack/Keil.STM32F1xx_DFP.2.4.1.pack
                Keil.STM32F1xx_DFP.2.4.1
                STMicroelectronics STM32F1 Series Device Support, Drivers and Examples

<h2>Collection of Component include folders:</h2>
  .\RTE\_Car
  F:\Keil\ARM\PACK\ARM\CMSIS\5.2.0\CMSIS\Include
  F:\Keil\ARM\PACK\Keil\STM32F1xx_DFP\2.4.1\Device\Include

<h2>Collection of Component Files used:</h2>

   * Component: ARM::CMSIS:CORE:5.0.2
Target not created.
Build Time Elapsed:  00:00:05
</pre>
</body>
</html>
